SF:/app/packages/client-ui/mod.ts
FNF:0
FNH:0
BRF:0
BRH:0
DA:2,1
LH:1
LF:1
end_of_record
SF:/app/packages/library/mod.ts
FNF:0
FNH:0
BRF:0
BRH:0
DA:2,1
LH:1
LF:1
end_of_record
SF:/app/packages/plugins/mod.ts
FNF:0
FNH:0
BRF:0
BRH:0
DA:2,1
LH:1
LF:1
end_of_record
SF:/app/packages/server/mod.ts
FNF:0
FNH:0
BRF:0
BRH:0
DA:2,1
LH:1
LF:1
end_of_record
SF:/app/packages/service-worker/mod.ts
FNF:0
FNH:0
BRF:0
BRH:0
DA:2,1
LH:1
LF:1
end_of_record
SF:/app/packages/types/mod.ts
FNF:0
FNH:0
BRF:0
BRH:0
DA:2,1
LH:1
LF:1
end_of_record
